<?xml version="1.0" encoding="UTF-8"?>
<!-- Generated by org.testng.reporters.JUnitReportReporter -->
<testsuite skipped="1" hostname="MYPC-PC" name="SampleSuite.org.samplesuiteC" tests="3" failures="0" timestamp="16 Aug 2021 22:19:52 GMT" time="0.007" errors="0">
  <testcase name="C1" time="0.004" classname="SampleSuite.org.samplesuiteC"/>
  <testcase name="C3" time="0.003" classname="SampleSuite.org.samplesuiteC"/>
  <testcase name="C2" classname="SampleSuite.org.samplesuiteC">
    <skipped/>
  </testcase> <!-- C2 -->
</testsuite> <!-- SampleSuite.org.samplesuiteC -->
