<?xml version="1.0" encoding="UTF-8"?>
<!-- Generated by org.testng.reporters.JUnitReportReporter -->
<testsuite skipped="1" hostname="MYPC-PC" name="TestNGDemo.org.TestNGDemoAnnotation" tests="7" failures="0" timestamp="13 Aug 2021 19:54:05 GMT" time="0.024" errors="0">
  <testcase name="testcase3" time="0.009" classname="TestNGDemo.org.TestNGDemoAnnotation"/>
  <testcase name="testcase5" time="0.004" classname="TestNGDemo.org.TestNGDemoAnnotation"/>
  <testcase name="testcase5" time="0.002" classname="TestNGDemo.org.TestNGDemoAnnotation"/>
  <testcase name="testcase1" time="0.004" classname="TestNGDemo.org.TestNGDemoAnnotation"/>
  <testcase name="testcase5" time="0.002" classname="TestNGDemo.org.TestNGDemoAnnotation"/>
  <testcase name="testcase2" time="0.003" classname="TestNGDemo.org.TestNGDemoAnnotation"/>
  <testcase name="testcase4" classname="TestNGDemo.org.TestNGDemoAnnotation">
    <skipped/>
  </testcase> <!-- testcase4 -->
</testsuite> <!-- TestNGDemo.org.TestNGDemoAnnotation -->
