<?xml version="1.0" encoding="UTF-8"?>
<!-- Generated by org.testng.reporters.JUnitReportReporter -->
<testsuite skipped="0" hostname="MYPC-PC" name="multipleinputdatavalidation.org.MultipleDataExecution" tests="3" failures="0" timestamp="20 Aug 2021 07:18:31 GMT" time="15.671" errors="0">
  <testcase name="testcase1" time="0.949" classname="multipleinputdatavalidation.org.MultipleDataExecution"/>
  <testcase name="testcase1" time="1.339" classname="multipleinputdatavalidation.org.MultipleDataExecution"/>
  <testcase name="testcase1" time="13.383" classname="multipleinputdatavalidation.org.MultipleDataExecution"/>
</testsuite> <!-- multipleinputdatavalidation.org.MultipleDataExecution -->
