<?xml version="1.0" encoding="UTF-8"?>
<!-- Generated by org.testng.reporters.JUnitReportReporter -->
<testsuite skipped="0" hostname="MYPC-PC" name="SampleSuite.org.samplesuiteA" tests="3" failures="0" timestamp="16 Aug 2021 22:19:52 GMT" time="0.028" errors="0">
  <testcase name="A1" time="0.021" classname="SampleSuite.org.samplesuiteA"/>
  <testcase name="A2" time="0.003" classname="SampleSuite.org.samplesuiteA"/>
  <testcase name="A3" time="0.004" classname="SampleSuite.org.samplesuiteA"/>
</testsuite> <!-- SampleSuite.org.samplesuiteA -->
